Removed Pin From Net: NetName=ADC_CONVST Pin=J1-1
Removed Pin From Net: NetName=ADC_BUSY Pin=J1-2
Removed Pin From Net: NetName=ADC_WR Pin=J1-3
Removed Pin From Net: NetName=ADC_FIRSTDATA Pin=J1-4
Removed Pin From Net: NetName=ADC_RESET Pin=J1-6
Removed Pin From Net: NetName=ADC_CS Pin=J1-21
Removed Pin From Net: NetName=PLL_LE Pin=J1-23
Removed Pin From Net: NetName=ADC_RD_SCLK Pin=J1-25
Removed Pin From Net: NetName=PLL_SYNC Pin=J1-33
Removed Pin From Net: NetName=PLL_CLK Pin=J2-1
Removed Pin From Net: NetName=PLL_DATA Pin=J2-3
Removed Pin From Net: NetName=ADC_DOUT_A Pin=J2-35
Added Pin To Net: NetName=ADC_BUSY Pin=J1-1
Added Pin To Net: NetName=ADC_CONVST Pin=J1-2
Added Pin To Net: NetName=ADC_FIRSTDATA Pin=J1-3
Added Pin To Net: NetName=ADC_WR Pin=J1-4
Added Pin To Net: NetName=ADC_RESET Pin=J1-5
Added Pin To Net: NetName=ADC_CS Pin=J1-22
Added Pin To Net: NetName=PLL_LE Pin=J1-24
Added Pin To Net: NetName=ADC_RD_SCLK Pin=J1-26
Added Pin To Net: NetName=PLL_SYNC Pin=J1-34
Added Pin To Net: NetName=PLL_CLK Pin=J2-2
Added Pin To Net: NetName=PLL_DATA Pin=J2-4
Added Pin To Net: NetName=ADC_DOUT_A Pin=J2-36
